<?xml version="1.0" encoding="UTF-8"?>
<testng-results skipped="0" failed="0" ignored="0" total="2" passed="2">
  <reporter-output>
  </reporter-output>
  <suite name="Default suite" duration-ms="36501" started-at="2021-03-07T15:52:27 CST" finished-at="2021-03-07T15:53:03 CST">
    <groups>
    </groups>
    <test name="Default test" duration-ms="36501" started-at="2021-03-07T15:52:27 CST" finished-at="2021-03-07T15:53:03 CST">
      <class name="AcademyTestCases.Login">
        <test-method status="PASS" signature="initialize()[pri:0, instance:AcademyTestCases.Login@35aea049]" name="initialize" is-config="true" duration-ms="10097" started-at="2021-03-07T15:52:27 CST" finished-at="2021-03-07T15:52:37 CST">
          <reporter-output>
          </reporter-output>
        </test-method> <!-- initialize -->
        <test-method status="PASS" signature="basePageNavigation(java.lang.String, java.lang.String, java.lang.String)[pri:0, instance:AcademyTestCases.Login@35aea049]" name="basePageNavigation" duration-ms="15011" started-at="2021-03-07T15:52:37 CST" data-provider="getData" finished-at="2021-03-07T15:52:52 CST">
          <params>
            <param index="0">
              <value>
                <![CDATA[nonrestricteduser@qw.com]]>
              </value>
            </param>
            <param index="1">
              <value>
                <![CDATA[123456]]>
              </value>
            </param>
            <param index="2">
              <value>
                <![CDATA[Restrcited User]]>
              </value>
            </param>
          </params>
          <reporter-output>
          </reporter-output>
        </test-method> <!-- basePageNavigation -->
        <test-method status="PASS" signature="basePageNavigation(java.lang.String, java.lang.String, java.lang.String)[pri:0, instance:AcademyTestCases.Login@35aea049]" name="basePageNavigation" duration-ms="9944" started-at="2021-03-07T15:52:52 CST" data-provider="getData" finished-at="2021-03-07T15:53:02 CST">
          <params>
            <param index="0">
              <value>
                <![CDATA[restricteduser@qw.com]]>
              </value>
            </param>
            <param index="1">
              <value>
                <![CDATA[456788]]>
              </value>
            </param>
            <param index="2">
              <value>
                <![CDATA[Non restricted user]]>
              </value>
            </param>
          </params>
          <reporter-output>
          </reporter-output>
        </test-method> <!-- basePageNavigation -->
        <test-method status="PASS" signature="teardown()[pri:0, instance:AcademyTestCases.Login@35aea049]" name="teardown" is-config="true" duration-ms="1198" started-at="2021-03-07T15:53:02 CST" finished-at="2021-03-07T15:53:03 CST">
          <reporter-output>
          </reporter-output>
        </test-method> <!-- teardown -->
      </class> <!-- AcademyTestCases.Login -->
    </test> <!-- Default test -->
  </suite> <!-- Default suite -->
</testng-results>
